<?xml version="1.0" encoding="UTF-8"?>
<testsuite xmlns:xsi="http://www.w3.org/2001/XMLSchema-instance" xsi:noNamespaceSchemaLocation="https://maven.apache.org/surefire/maven-surefire-plugin/xsd/surefire-test-report.xsd" version="3.0.2" name="com.example.analyticsservice.controller.AnalyticsControllerTest" time="0.881" tests="2" errors="0" skipped="0" failures="0" flakes="0">
  <properties>
[...]
</properties>
  <testcase name="shouldReturnCampaignAnalyticsUsingSharedApiResponseFormat" classname="com.example.analyticsservice.controller.AnalyticsControllerTest" time="0.848"/>
  <testcase name="shouldReturnCampaignReportUsingSharedApiResponseFormat" classname="com.example.analyticsservice.controller.AnalyticsControllerTest" time="0.006"/>
</testsuite>