<?xml version="1.0" encoding="UTF-8"?>
<testsuite xmlns:xsi="http://www.w3.org/2001/XMLSchema-instance" xsi:noNamespaceSchemaLocation="https://maven.apache.org/surefire/maven-surefire-plugin/xsd/surefire-test-report.xsd" version="3.0.2" name="com.example.promotionengine.integration.kafka.CampaignEventConsumerTest" time="2.156" tests="3" errors="0" skipped="0" failures="0">
  <properties>
[...]
</properties>
  <testcase name="shouldFailWhenActivatedCampaignCannotBeLoaded" classname="com.example.promotionengine.integration.kafka.CampaignEventConsumerTest" time="1.978">
    <system-err><![CDATA[Mockito is currently self-attaching to enable the inline-mock-maker. This will no longer work in future releases of the JDK. Please add Mockito as an agent to your build what is described in Mockito's documentation: https://javadoc.io/doc/org.mockito/mockito-core/latest/org/mockito/Mockito.html#0.3
WARNING: A Java agent has been loaded dynamically (C:\Users\PC\.m2\repository\net\bytebuddy\byte-buddy-agent\1.15.11\byte-buddy-agent-1.15.11.jar)
WARNING: If a serviceability tool is in use, please run with -XX:+EnableDynamicAgentLoading to hide this warning
WARNING: If a serviceability tool is not in use, please run with -Djdk.instrument.traceUsage for more information
WARNING: Dynamic loading of agents will be disallowed by default in a future release
]]></system-err>
  </testcase>
  <testcase name="shouldCacheCampaignWhenActivationEventArrives" classname="com.example.promotionengine.integration.kafka.CampaignEventConsumerTest" time="0.026">
    <system-out><![CDATA[07:25:20.381 [main] INFO com.example.promotionengine.integration.kafka.CampaignEventConsumer -- Cached campaign 6b9549b9-64a5-421a-9c78-83c2005c44da immediately after activation event
]]></system-out>
  </testcase>
  <testcase name="shouldEvictCampaignWhenDeactivationEventArrives" classname="com.example.promotionengine.integration.kafka.CampaignEventConsumerTest" time="0.007">
    <system-out><![CDATA[07:25:20.402 [main] INFO com.example.promotionengine.integration.kafka.CampaignEventConsumer -- Evicted cached campaign c34a5eb0-24b4-4440-9af9-e1dfea2f3db1 after deactivation event
]]></system-out>
  </testcase>
</testsuite>